# JRE version: OpenJDK Runtime Environment Temurin-17.0.7+7 (17.0.7+7) (build 17.0.7+7)
# Java VM: OpenJDK 64-Bit Server VM Temurin-17.0.7+7 (17.0.7+7, mixed mode, sharing, tiered, compressed oops, compressed class ptrs, g1 gc, windows-amd64)
GC Precious Log:
 CPUs: 16 total, 16 available
 Memory: 15775M
 Large Page Support: Disabled
 NUMA Support: Disabled
 Compressed Oops: Enabled (Zero based)
 Heap Region Size: 2M
 Heap Min Capacity: 512M
 Heap Initial Capacity: 512M
 Heap Max Capacity: 4072M
 Pre-touch: Disabled
 Parallel Workers: 13
 Concurrent Workers: 3
 Concurrent Refinement Workers: 13
 Periodic GC: Disabled
 String Deduplication is enabled
Heap:
 garbage-first heap   total 524288K, used 111015K [0x0000000701800000, 0x0000000800000000)
  region size 2048K, 13 young (26624K), 2 survivors (4096K)
 Metaspace       used 92285K, committed 92800K, reserved 1179648K
  class space    used 12237K, committed 12544K, reserved 1048576K
GC Heap History (20 events):
Event: 124509.194 GC heap before
{Heap before GC invocations=1564 (full 680):
 garbage-first heap   total 524288K, used 167189K [0x0000000701800000, 0x0000000800000000)
  region size 2048K, 40 young (81920K), 2 survivors (4096K)
 Metaspace       used 92023K, committed 92480K, reserved 1179648K
  class space    used 12188K, committed 12480K, reserved 1048576K
}
Event: 124509.196 GC heap after
{Heap after GC invocations=1565 (full 680):
 garbage-first heap   total 524288K, used 89303K [0x0000000701800000, 0x0000000800000000)
  region size 2048K, 2 young (4096K), 2 survivors (4096K)
 Metaspace       used 92023K, committed 92480K, reserved 1179648K
  class space    used 12188K, committed 12480K, reserved 1048576K
}
Event: 124511.673 GC heap before
{Heap before GC invocations=1565 (full 680):
 garbage-first heap   total 524288K, used 167127K [0x0000000701800000, 0x0000000800000000)
  region size 2048K, 40 young (81920K), 2 survivors (4096K)
 Metaspace       used 92023K, committed 92480K, reserved 1179648K
  class space    used 12188K, committed 12480K, reserved 1048576K
}
Event: 124511.675 GC heap after
{Heap after GC invocations=1566 (full 680):
 garbage-first heap   total 524288K, used 89208K [0x0000000701800000, 0x0000000800000000)
  region size 2048K, 2 young (4096K), 2 survivors (4096K)
 Metaspace       used 92023K, committed 92480K, reserved 1179648K
  class space    used 12188K, committed 12480K, reserved 1048576K
}
Event: 124515.141 GC heap before
{Heap before GC invocations=1566 (full 680):
 garbage-first heap   total 524288K, used 167032K [0x0000000701800000, 0x0000000800000000)
  region size 2048K, 40 young (81920K), 2 survivors (4096K)
 Metaspace       used 92024K, committed 92480K, reserved 1179648K
  class space    used 12188K, committed 12480K, reserved 1048576K
}
Event: 124515.143 GC heap after
{Heap after GC invocations=1567 (full 680):
 garbage-first heap   total 524288K, used 89504K [0x0000000701800000, 0x0000000800000000)
  region size 2048K, 2 young (4096K), 2 survivors (4096K)
 Metaspace       used 92024K, committed 92480K, reserved 1179648K
  class space    used 12188K, committed 12480K, reserved 1048576K
}
Event: 124520.074 GC heap before
{Heap before GC invocations=1567 (full 680):
 garbage-first heap   total 524288K, used 167328K [0x0000000701800000, 0x0000000800000000)
  region size 2048K, 40 young (81920K), 2 survivors (4096K)
 Metaspace       used 92195K, committed 92672K, reserved 1179648K
  class space    used 12214K, committed 12480K, reserved 1048576K
}
Event: 124520.076 GC heap after
{Heap after GC invocations=1568 (full 680):
 garbage-first heap   total 524288K, used 89786K [0x0000000701800000, 0x0000000800000000)
  region size 2048K, 2 young (4096K), 2 survivors (4096K)
 Metaspace       used 92195K, committed 92672K, reserved 1179648K
  class space    used 12214K, committed 12480K, reserved 1048576K
}
Event: 124537.315 GC heap before
{Heap before GC invocations=1568 (full 680):
 garbage-first heap   total 524288K, used 167610K [0x0000000701800000, 0x0000000800000000)
  region size 2048K, 40 young (81920K), 2 survivors (4096K)
 Metaspace       used 92196K, committed 92672K, reserved 1179648K
  class space    used 12214K, committed 12480K, reserved 1048576K
}
Event: 124537.316 GC heap after
{Heap after GC invocations=1569 (full 680):
 garbage-first heap   total 524288K, used 89796K [0x0000000701800000, 0x0000000800000000)
  region size 2048K, 2 young (4096K), 2 survivors (4096K)
 Metaspace       used 92196K, committed 92672K, reserved 1179648K
  class space    used 12214K, committed 12480K, reserved 1048576K
}
Event: 124546.121 GC heap before
{Heap before GC invocations=1569 (full 680):
 garbage-first heap   total 524288K, used 167620K [0x0000000701800000, 0x0000000800000000)
  region size 2048K, 40 young (81920K), 2 survivors (4096K)
 Metaspace       used 92196K, committed 92672K, reserved 1179648K
  class space    used 12214K, committed 12480K, reserved 1048576K
}
Event: 124546.123 GC heap after
{Heap after GC invocations=1570 (full 680):
 garbage-first heap   total 524288K, used 89767K [0x0000000701800000, 0x0000000800000000)
  region size 2048K, 2 young (4096K), 2 survivors (4096K)
 Metaspace       used 92196K, committed 92672K, reserved 1179648K
  class space    used 12214K, committed 12480K, reserved 1048576K
}
Event: 124550.118 GC heap before
{Heap before GC invocations=1570 (full 680):
 garbage-first heap   total 524288K, used 167591K [0x0000000701800000, 0x0000000800000000)
  region size 2048K, 40 young (81920K), 2 survivors (4096K)
 Metaspace       used 92196K, committed 92672K, reserved 1179648K
  class space    used 12214K, committed 12480K, reserved 1048576K
}
Event: 124550.119 GC heap after
{Heap after GC invocations=1571 (full 680):
 garbage-first heap   total 524288K, used 89775K [0x0000000701800000, 0x0000000800000000)
  region size 2048K, 2 young (4096K), 2 survivors (4096K)
 Metaspace       used 92196K, committed 92672K, reserved 1179648K
  class space    used 12214K, committed 12480K, reserved 1048576K
}
Event: 124554.027 GC heap before
{Heap before GC invocations=1571 (full 680):
 garbage-first heap   total 524288K, used 167599K [0x0000000701800000, 0x0000000800000000)
  region size 2048K, 40 young (81920K), 2 survivors (4096K)
 Metaspace       used 92200K, committed 92672K, reserved 1179648K
  class space    used 12214K, committed 12480K, reserved 1048576K
}
Event: 124554.028 GC heap after
{Heap after GC invocations=1572 (full 680):
 garbage-first heap   total 524288K, used 89858K [0x0000000701800000, 0x0000000800000000)
  region size 2048K, 2 young (4096K), 2 survivors (4096K)
 Metaspace       used 92200K, committed 92672K, reserved 1179648K
  class space    used 12214K, committed 12480K, reserved 1048576K
}
Event: 124554.279 GC heap before
{Heap before GC invocations=1572 (full 680):
 garbage-first heap   total 524288K, used 167682K [0x0000000701800000, 0x0000000800000000)
  region size 2048K, 40 young (81920K), 2 survivors (4096K)
 Metaspace       used 92200K, committed 92672K, reserved 1179648K
  class space    used 12214K, committed 12480K, reserved 1048576K
}
Event: 124554.280 GC heap after
{Heap after GC invocations=1573 (full 680):
 garbage-first heap   total 524288K, used 89910K [0x0000000701800000, 0x0000000800000000)
  region size 2048K, 2 young (4096K), 2 survivors (4096K)
 Metaspace       used 92200K, committed 92672K, reserved 1179648K
  class space    used 12214K, committed 12480K, reserved 1048576K
}
Event: 124563.732 GC heap before
{Heap before GC invocations=1573 (full 680):
 garbage-first heap   total 524288K, used 167734K [0x0000000701800000, 0x0000000800000000)
  region size 2048K, 40 young (81920K), 2 survivors (4096K)
 Metaspace       used 92281K, committed 92800K, reserved 1179648K
  class space    used 12237K, committed 12544K, reserved 1048576K
}
Event: 124563.733 GC heap after
{Heap after GC invocations=1574 (full 680):
 garbage-first heap   total 524288K, used 90535K [0x0000000701800000, 0x0000000800000000)
  region size 2048K, 2 young (4096K), 2 survivors (4096K)
 Metaspace       used 92281K, committed 92800K, reserved 1179648K
  class space    used 12237K, committed 12544K, reserved 1048576K
}

