# JRE version: OpenJDK Runtime Environment Temurin-17.0.7+7 (17.0.7+7) (build 17.0.7+7)
# Java VM: OpenJDK 64-Bit Server VM Temurin-17.0.7+7 (17.0.7+7, mixed mode, sharing, tiered, compressed oops, compressed class ptrs, g1 gc, windows-amd64)
GC Precious Log:
 CPUs: 12 total, 12 available
 Memory: 32699M
 Large Page Support: Disabled
 NUMA Support: Disabled
 Compressed Oops: Enabled (Zero based)
 Heap Region Size: 2M
 Heap Min Capacity: 512M
 Heap Initial Capacity: 512M
 Heap Max Capacity: 4072M
 Pre-touch: Disabled
 Parallel Workers: 10
 Concurrent Workers: 3
 Concurrent Refinement Workers: 10
 Periodic GC: Disabled
 String Deduplication is enabled
Heap:
 garbage-first heap   total 524288K, used 177958K [0x0000000701800000, 0x0000000800000000)
  region size 2048K, 30 young (61440K), 1 survivors (2048K)
 Metaspace       used 97598K, committed 98432K, reserved 1179648K
  class space    used 13694K, committed 14336K, reserved 1048576K
GC Heap History (20 events):
Event: 11381.385 GC heap before
{Heap before GC invocations=780 (full 341):
 garbage-first heap   total 524288K, used 122295K [0x0000000701800000, 0x0000000800000000)
  region size 2048K, 2 young (4096K), 0 survivors (0K)
 Metaspace       used 97509K, committed 98432K, reserved 1179648K
  class space    used 13679K, committed 14336K, reserved 1048576K
}
Event: 11381.452 GC heap after
{Heap after GC invocations=781 (full 342):
 garbage-first heap   total 524288K, used 120220K [0x0000000701800000, 0x0000000800000000)
  region size 2048K, 0 young (0K), 0 survivors (0K)
 Metaspace       used 97509K, committed 98432K, reserved 1179648K
  class space    used 13679K, committed 14336K, reserved 1048576K
}
Event: 11385.324 GC heap before
{Heap before GC invocations=781 (full 342):
 garbage-first heap   total 524288K, used 202140K [0x0000000701800000, 0x0000000800000000)
  region size 2048K, 40 young (81920K), 0 survivors (0K)
 Metaspace       used 97512K, committed 98432K, reserved 1179648K
  class space    used 13679K, committed 14336K, reserved 1048576K
}
Event: 11385.325 GC heap after
{Heap after GC invocations=782 (full 342):
 garbage-first heap   total 524288K, used 120752K [0x0000000701800000, 0x0000000800000000)
  region size 2048K, 1 young (2048K), 1 survivors (2048K)
 Metaspace       used 97512K, committed 98432K, reserved 1179648K
  class space    used 13679K, committed 14336K, reserved 1048576K
}
Event: 11388.587 GC heap before
{Heap before GC invocations=782 (full 342):
 garbage-first heap   total 524288K, used 151472K [0x0000000701800000, 0x0000000800000000)
  region size 2048K, 17 young (34816K), 1 survivors (2048K)
 Metaspace       used 97512K, committed 98432K, reserved 1179648K
  class space    used 13679K, committed 14336K, reserved 1048576K
}
Event: 11388.655 GC heap after
{Heap after GC invocations=783 (full 343):
 garbage-first heap   total 524288K, used 120526K [0x0000000701800000, 0x0000000800000000)
  region size 2048K, 0 young (0K), 0 survivors (0K)
 Metaspace       used 97512K, committed 98432K, reserved 1179648K
  class space    used 13679K, committed 14336K, reserved 1048576K
}
Event: 11389.912 GC heap before
{Heap before GC invocations=783 (full 343):
 garbage-first heap   total 524288K, used 165582K [0x0000000701800000, 0x0000000800000000)
  region size 2048K, 22 young (45056K), 0 survivors (0K)
 Metaspace       used 97512K, committed 98432K, reserved 1179648K
  class space    used 13679K, committed 14336K, reserved 1048576K
}
Event: 11389.979 GC heap after
{Heap after GC invocations=784 (full 344):
 garbage-first heap   total 524288K, used 119954K [0x0000000701800000, 0x0000000800000000)
  region size 2048K, 0 young (0K), 0 survivors (0K)
 Metaspace       used 97512K, committed 98432K, reserved 1179648K
  class space    used 13679K, committed 14336K, reserved 1048576K
}
Event: 11391.299 GC heap before
{Heap before GC invocations=784 (full 344):
 garbage-first heap   total 524288K, used 124050K [0x0000000701800000, 0x0000000800000000)
  region size 2048K, 3 young (6144K), 0 survivors (0K)
 Metaspace       used 97555K, committed 98432K, reserved 1179648K
  class space    used 13686K, committed 14336K, reserved 1048576K
}
Event: 11391.365 GC heap after
{Heap after GC invocations=785 (full 345):
 garbage-first heap   total 524288K, used 119965K [0x0000000701800000, 0x0000000800000000)
  region size 2048K, 0 young (0K), 0 survivors (0K)
 Metaspace       used 97555K, committed 98432K, reserved 1179648K
  class space    used 13686K, committed 14336K, reserved 1048576K
}
Event: 11392.220 GC heap before
{Heap before GC invocations=785 (full 345):
 garbage-first heap   total 524288K, used 134301K [0x0000000701800000, 0x0000000800000000)
  region size 2048K, 7 young (14336K), 0 survivors (0K)
 Metaspace       used 97555K, committed 98432K, reserved 1179648K
  class space    used 13686K, committed 14336K, reserved 1048576K
}
Event: 11392.286 GC heap after
{Heap after GC invocations=786 (full 346):
 garbage-first heap   total 524288K, used 119999K [0x0000000701800000, 0x0000000800000000)
  region size 2048K, 0 young (0K), 0 survivors (0K)
 Metaspace       used 97555K, committed 98432K, reserved 1179648K
  class space    used 13686K, committed 14336K, reserved 1048576K
}
Event: 11393.198 GC heap before
{Heap before GC invocations=786 (full 346):
 garbage-first heap   total 524288K, used 122047K [0x0000000701800000, 0x0000000800000000)
  region size 2048K, 2 young (4096K), 0 survivors (0K)
 Metaspace       used 97555K, committed 98432K, reserved 1179648K
  class space    used 13686K, committed 14336K, reserved 1048576K
}
Event: 11393.266 GC heap after
{Heap after GC invocations=787 (full 347):
 garbage-first heap   total 524288K, used 119994K [0x0000000701800000, 0x0000000800000000)
  region size 2048K, 0 young (0K), 0 survivors (0K)
 Metaspace       used 97555K, committed 98432K, reserved 1179648K
  class space    used 13686K, committed 14336K, reserved 1048576K
}
Event: 11393.495 GC heap before
{Heap before GC invocations=787 (full 347):
 garbage-first heap   total 524288K, used 122042K [0x0000000701800000, 0x0000000800000000)
  region size 2048K, 2 young (4096K), 0 survivors (0K)
 Metaspace       used 97555K, committed 98432K, reserved 1179648K
  class space    used 13686K, committed 14336K, reserved 1048576K
}
Event: 11393.565 GC heap after
{Heap after GC invocations=788 (full 348):
 garbage-first heap   total 524288K, used 120080K [0x0000000701800000, 0x0000000800000000)
  region size 2048K, 0 young (0K), 0 survivors (0K)
 Metaspace       used 97555K, committed 98432K, reserved 1179648K
  class space    used 13686K, committed 14336K, reserved 1048576K
}
Event: 11394.174 GC heap before
{Heap before GC invocations=788 (full 348):
 garbage-first heap   total 524288K, used 126224K [0x0000000701800000, 0x0000000800000000)
  region size 2048K, 3 young (6144K), 0 survivors (0K)
 Metaspace       used 97555K, committed 98432K, reserved 1179648K
  class space    used 13686K, committed 14336K, reserved 1048576K
}
Event: 11394.244 GC heap after
{Heap after GC invocations=789 (full 349):
 garbage-first heap   total 524288K, used 120086K [0x0000000701800000, 0x0000000800000000)
  region size 2048K, 0 young (0K), 0 survivors (0K)
 Metaspace       used 97555K, committed 98432K, reserved 1179648K
  class space    used 13686K, committed 14336K, reserved 1048576K
}
Event: 11406.987 GC heap before
{Heap before GC invocations=789 (full 349):
 garbage-first heap   total 524288K, used 142614K [0x0000000701800000, 0x0000000800000000)
  region size 2048K, 11 young (22528K), 0 survivors (0K)
 Metaspace       used 97555K, committed 98432K, reserved 1179648K
  class space    used 13686K, committed 14336K, reserved 1048576K
}
Event: 11407.054 GC heap after
{Heap after GC invocations=790 (full 350):
 garbage-first heap   total 524288K, used 120107K [0x0000000701800000, 0x0000000800000000)
  region size 2048K, 0 young (0K), 0 survivors (0K)
 Metaspace       used 97555K, committed 98432K, reserved 1179648K
  class space    used 13686K, committed 14336K, reserved 1048576K
}

