# JRE version: OpenJDK Runtime Environment Temurin-17.0.7+7 (17.0.7+7) (build 17.0.7+7)
# Java VM: OpenJDK 64-Bit Server VM Temurin-17.0.7+7 (17.0.7+7, mixed mode, sharing, tiered, compressed oops, compressed class ptrs, g1 gc, windows-amd64)
GC Precious Log:
 CPUs: 12 total, 12 available
 Memory: 32699M
 Large Page Support: Disabled
 NUMA Support: Disabled
 Compressed Oops: Enabled (Zero based)
 Heap Region Size: 2M
 Heap Min Capacity: 512M
 Heap Initial Capacity: 512M
 Heap Max Capacity: 4072M
 Pre-touch: Disabled
 Parallel Workers: 10
 Concurrent Workers: 3
 Concurrent Refinement Workers: 10
 Periodic GC: Disabled
 String Deduplication is enabled
Heap:
 garbage-first heap   total 524288K, used 114085K [0x0000000701800000, 0x0000000800000000)
  region size 2048K, 14 young (28672K), 1 survivors (2048K)
 Metaspace       used 92243K, committed 92928K, reserved 1179648K
  class space    used 12248K, committed 12736K, reserved 1048576K
GC Heap History (20 events):
Event: 24725.867 GC heap before
{Heap before GC invocations=1457 (full 641):
 garbage-first heap   total 524288K, used 166576K [0x0000000701800000, 0x0000000800000000)
  region size 2048K, 40 young (81920K), 1 survivors (2048K)
 Metaspace       used 92233K, committed 92928K, reserved 1179648K
  class space    used 12248K, committed 12736K, reserved 1048576K
}
Event: 24725.868 GC heap after
{Heap after GC invocations=1458 (full 641):
 garbage-first heap   total 524288K, used 88774K [0x0000000701800000, 0x0000000800000000)
  region size 2048K, 1 young (2048K), 1 survivors (2048K)
 Metaspace       used 92233K, committed 92928K, reserved 1179648K
  class space    used 12248K, committed 12736K, reserved 1048576K
}
Event: 24726.902 GC heap before
{Heap before GC invocations=1458 (full 641):
 garbage-first heap   total 524288K, used 168646K [0x0000000701800000, 0x0000000800000000)
  region size 2048K, 40 young (81920K), 1 survivors (2048K)
 Metaspace       used 92233K, committed 92928K, reserved 1179648K
  class space    used 12248K, committed 12736K, reserved 1048576K
}
Event: 24726.903 GC heap after
{Heap after GC invocations=1459 (full 641):
 garbage-first heap   total 524288K, used 88775K [0x0000000701800000, 0x0000000800000000)
  region size 2048K, 1 young (2048K), 1 survivors (2048K)
 Metaspace       used 92233K, committed 92928K, reserved 1179648K
  class space    used 12248K, committed 12736K, reserved 1048576K
}
Event: 24727.644 GC heap before
{Heap before GC invocations=1459 (full 641):
 garbage-first heap   total 524288K, used 168647K [0x0000000701800000, 0x0000000800000000)
  region size 2048K, 40 young (81920K), 1 survivors (2048K)
 Metaspace       used 92233K, committed 92928K, reserved 1179648K
  class space    used 12248K, committed 12736K, reserved 1048576K
}
Event: 24727.645 GC heap after
{Heap after GC invocations=1460 (full 641):
 garbage-first heap   total 524288K, used 88789K [0x0000000701800000, 0x0000000800000000)
  region size 2048K, 1 young (2048K), 1 survivors (2048K)
 Metaspace       used 92233K, committed 92928K, reserved 1179648K
  class space    used 12248K, committed 12736K, reserved 1048576K
}
Event: 24728.889 GC heap before
{Heap before GC invocations=1460 (full 641):
 garbage-first heap   total 524288K, used 168661K [0x0000000701800000, 0x0000000800000000)
  region size 2048K, 40 young (81920K), 1 survivors (2048K)
 Metaspace       used 92233K, committed 92928K, reserved 1179648K
  class space    used 12248K, committed 12736K, reserved 1048576K
}
Event: 24728.890 GC heap after
{Heap after GC invocations=1461 (full 641):
 garbage-first heap   total 524288K, used 88790K [0x0000000701800000, 0x0000000800000000)
  region size 2048K, 1 young (2048K), 1 survivors (2048K)
 Metaspace       used 92233K, committed 92928K, reserved 1179648K
  class space    used 12248K, committed 12736K, reserved 1048576K
}
Event: 24730.545 GC heap before
{Heap before GC invocations=1461 (full 641):
 garbage-first heap   total 524288K, used 168662K [0x0000000701800000, 0x0000000800000000)
  region size 2048K, 40 young (81920K), 1 survivors (2048K)
 Metaspace       used 92233K, committed 92928K, reserved 1179648K
  class space    used 12248K, committed 12736K, reserved 1048576K
}
Event: 24730.546 GC heap after
{Heap after GC invocations=1462 (full 641):
 garbage-first heap   total 524288K, used 88825K [0x0000000701800000, 0x0000000800000000)
  region size 2048K, 1 young (2048K), 1 survivors (2048K)
 Metaspace       used 92233K, committed 92928K, reserved 1179648K
  class space    used 12248K, committed 12736K, reserved 1048576K
}
Event: 24742.643 GC heap before
{Heap before GC invocations=1462 (full 641):
 garbage-first heap   total 524288K, used 168697K [0x0000000701800000, 0x0000000800000000)
  region size 2048K, 40 young (81920K), 1 survivors (2048K)
 Metaspace       used 92239K, committed 92928K, reserved 1179648K
  class space    used 12248K, committed 12736K, reserved 1048576K
}
Event: 24742.645 GC heap after
{Heap after GC invocations=1463 (full 641):
 garbage-first heap   total 524288K, used 89510K [0x0000000701800000, 0x0000000800000000)
  region size 2048K, 1 young (2048K), 1 survivors (2048K)
 Metaspace       used 92239K, committed 92928K, reserved 1179648K
  class space    used 12248K, committed 12736K, reserved 1048576K
}
Event: 24744.064 GC heap before
{Heap before GC invocations=1463 (full 641):
 garbage-first heap   total 524288K, used 169382K [0x0000000701800000, 0x0000000800000000)
  region size 2048K, 40 young (81920K), 1 survivors (2048K)
 Metaspace       used 92239K, committed 92928K, reserved 1179648K
  class space    used 12248K, committed 12736K, reserved 1048576K
}
Event: 24744.066 GC heap after
{Heap after GC invocations=1464 (full 641):
 garbage-first heap   total 524288K, used 89077K [0x0000000701800000, 0x0000000800000000)
  region size 2048K, 1 young (2048K), 1 survivors (2048K)
 Metaspace       used 92239K, committed 92928K, reserved 1179648K
  class space    used 12248K, committed 12736K, reserved 1048576K
}
Event: 24746.448 GC heap before
{Heap before GC invocations=1464 (full 641):
 garbage-first heap   total 524288K, used 168949K [0x0000000701800000, 0x0000000800000000)
  region size 2048K, 40 young (81920K), 1 survivors (2048K)
 Metaspace       used 92239K, committed 92928K, reserved 1179648K
  class space    used 12248K, committed 12736K, reserved 1048576K
}
Event: 24746.449 GC heap after
{Heap after GC invocations=1465 (full 641):
 garbage-first heap   total 524288K, used 89063K [0x0000000701800000, 0x0000000800000000)
  region size 2048K, 1 young (2048K), 1 survivors (2048K)
 Metaspace       used 92239K, committed 92928K, reserved 1179648K
  class space    used 12248K, committed 12736K, reserved 1048576K
}
Event: 24746.601 GC heap before
{Heap before GC invocations=1465 (full 641):
 garbage-first heap   total 524288K, used 168935K [0x0000000701800000, 0x0000000800000000)
  region size 2048K, 40 young (81920K), 1 survivors (2048K)
 Metaspace       used 92239K, committed 92928K, reserved 1179648K
  class space    used 12248K, committed 12736K, reserved 1048576K
}
Event: 24746.602 GC heap after
{Heap after GC invocations=1466 (full 641):
 garbage-first heap   total 524288K, used 89069K [0x0000000701800000, 0x0000000800000000)
  region size 2048K, 1 young (2048K), 1 survivors (2048K)
 Metaspace       used 92239K, committed 92928K, reserved 1179648K
  class space    used 12248K, committed 12736K, reserved 1048576K
}
Event: 24750.873 GC heap before
{Heap before GC invocations=1466 (full 641):
 garbage-first heap   total 524288K, used 168941K [0x0000000701800000, 0x0000000800000000)
  region size 2048K, 40 young (81920K), 1 survivors (2048K)
 Metaspace       used 92243K, committed 92928K, reserved 1179648K
  class space    used 12248K, committed 12736K, reserved 1048576K
}
Event: 24750.875 GC heap after
{Heap after GC invocations=1467 (full 641):
 garbage-first heap   total 524288K, used 89509K [0x0000000701800000, 0x0000000800000000)
  region size 2048K, 1 young (2048K), 1 survivors (2048K)
 Metaspace       used 92243K, committed 92928K, reserved 1179648K
  class space    used 12248K, committed 12736K, reserved 1048576K
}

