# JRE version: OpenJDK Runtime Environment Temurin-17.0.7+7 (17.0.7+7) (build 17.0.7+7)
# Java VM: OpenJDK 64-Bit Server VM Temurin-17.0.7+7 (17.0.7+7, mixed mode, sharing, tiered, compressed oops, compressed class ptrs, g1 gc, windows-amd64)
GC Precious Log:
 CPUs: 12 total, 12 available
 Memory: 32699M
 Large Page Support: Disabled
 NUMA Support: Disabled
 Compressed Oops: Enabled (Zero based)
 Heap Region Size: 2M
 Heap Min Capacity: 512M
 Heap Initial Capacity: 512M
 Heap Max Capacity: 4072M
 Pre-touch: Disabled
 Parallel Workers: 10
 Concurrent Workers: 3
 Concurrent Refinement Workers: 10
 Periodic GC: Disabled
 String Deduplication is enabled
Heap:
 garbage-first heap   total 524288K, used 115293K [0x0000000701800000, 0x0000000800000000)
  region size 2048K, 26 young (53248K), 5 survivors (10240K)
 Metaspace       used 55329K, committed 55680K, reserved 1114112K
  class space    used 7423K, committed 7616K, reserved 1048576K
GC Heap History (20 events):
Event: 16.969 GC heap before
{Heap before GC invocations=1 (full 0):
 garbage-first heap   total 524288K, used 92680K [0x0000000701800000, 0x0000000800000000)
  region size 2048K, 40 young (81920K), 5 survivors (10240K)
 Metaspace       used 15933K, committed 16128K, reserved 1114112K
  class space    used 1477K, committed 1536K, reserved 1048576K
}
Event: 16.973 GC heap after
{Heap after GC invocations=2 (full 0):
 garbage-first heap   total 524288K, used 23231K [0x0000000701800000, 0x0000000800000000)
  region size 2048K, 1 young (2048K), 1 survivors (2048K)
 Metaspace       used 15933K, committed 16128K, reserved 1114112K
  class space    used 1477K, committed 1536K, reserved 1048576K
}
Event: 16.999 GC heap before
{Heap before GC invocations=2 (full 0):
 garbage-first heap   total 524288K, used 103103K [0x0000000701800000, 0x0000000800000000)
  region size 2048K, 40 young (81920K), 1 survivors (2048K)
 Metaspace       used 15949K, committed 16128K, reserved 1114112K
  class space    used 1477K, committed 1536K, reserved 1048576K
}
Event: 17.001 GC heap after
{Heap after GC invocations=3 (full 0):
 garbage-first heap   total 524288K, used 23186K [0x0000000701800000, 0x0000000800000000)
  region size 2048K, 1 young (2048K), 1 survivors (2048K)
 Metaspace       used 15949K, committed 16128K, reserved 1114112K
  class space    used 1477K, committed 1536K, reserved 1048576K
}
Event: 17.022 GC heap before
{Heap before GC invocations=3 (full 0):
 garbage-first heap   total 524288K, used 103058K [0x0000000701800000, 0x0000000800000000)
  region size 2048K, 40 young (81920K), 1 survivors (2048K)
 Metaspace       used 15949K, committed 16128K, reserved 1114112K
  class space    used 1477K, committed 1536K, reserved 1048576K
}
Event: 17.023 GC heap after
{Heap after GC invocations=4 (full 0):
 garbage-first heap   total 524288K, used 23258K [0x0000000701800000, 0x0000000800000000)
  region size 2048K, 1 young (2048K), 1 survivors (2048K)
 Metaspace       used 15949K, committed 16128K, reserved 1114112K
  class space    used 1477K, committed 1536K, reserved 1048576K
}
Event: 17.046 GC heap before
{Heap before GC invocations=4 (full 0):
 garbage-first heap   total 524288K, used 103130K [0x0000000701800000, 0x0000000800000000)
  region size 2048K, 40 young (81920K), 1 survivors (2048K)
 Metaspace       used 15962K, committed 16128K, reserved 1114112K
  class space    used 1478K, committed 1536K, reserved 1048576K
}
Event: 17.047 GC heap after
{Heap after GC invocations=5 (full 0):
 garbage-first heap   total 524288K, used 23271K [0x0000000701800000, 0x0000000800000000)
  region size 2048K, 1 young (2048K), 1 survivors (2048K)
 Metaspace       used 15962K, committed 16128K, reserved 1114112K
  class space    used 1478K, committed 1536K, reserved 1048576K
}
Event: 17.075 GC heap before
{Heap before GC invocations=5 (full 0):
 garbage-first heap   total 524288K, used 103143K [0x0000000701800000, 0x0000000800000000)
  region size 2048K, 40 young (81920K), 1 survivors (2048K)
 Metaspace       used 15965K, committed 16128K, reserved 1114112K
  class space    used 1478K, committed 1536K, reserved 1048576K
}
Event: 17.077 GC heap after
{Heap after GC invocations=6 (full 0):
 garbage-first heap   total 524288K, used 24629K [0x0000000701800000, 0x0000000800000000)
  region size 2048K, 2 young (4096K), 2 survivors (4096K)
 Metaspace       used 15965K, committed 16128K, reserved 1114112K
  class space    used 1478K, committed 1536K, reserved 1048576K
}
Event: 17.422 GC heap before
{Heap before GC invocations=6 (full 0):
 garbage-first heap   total 524288K, used 102453K [0x0000000701800000, 0x0000000800000000)
  region size 2048K, 40 young (81920K), 2 survivors (4096K)
 Metaspace       used 17994K, committed 18176K, reserved 1114112K
  class space    used 1777K, committed 1856K, reserved 1048576K
}
Event: 17.424 GC heap after
{Heap after GC invocations=7 (full 0):
 garbage-first heap   total 712704K, used 26045K [0x0000000701800000, 0x0000000800000000)
  region size 2048K, 3 young (6144K), 3 survivors (6144K)
 Metaspace       used 17994K, committed 18176K, reserved 1114112K
  class space    used 1777K, committed 1856K, reserved 1048576K
}
Event: 18.187 GC heap before
{Heap before GC invocations=7 (full 0):
 garbage-first heap   total 712704K, used 56765K [0x0000000701800000, 0x0000000800000000)
  region size 2048K, 19 young (38912K), 3 survivors (6144K)
 Metaspace       used 21350K, committed 21504K, reserved 1114112K
  class space    used 2171K, committed 2240K, reserved 1048576K
}
Event: 18.189 GC heap after
{Heap after GC invocations=8 (full 0):
 garbage-first heap   total 712704K, used 26777K [0x0000000701800000, 0x0000000800000000)
  region size 2048K, 3 young (6144K), 3 survivors (6144K)
 Metaspace       used 21350K, committed 21504K, reserved 1114112K
  class space    used 2171K, committed 2240K, reserved 1048576K
}
Event: 22.558 GC heap before
{Heap before GC invocations=9 (full 0):
 garbage-first heap   total 524288K, used 135321K [0x0000000701800000, 0x0000000800000000)
  region size 2048K, 35 young (71680K), 3 survivors (6144K)
 Metaspace       used 35957K, committed 36160K, reserved 1114112K
  class space    used 4306K, committed 4416K, reserved 1048576K
}
Event: 22.564 GC heap after
{Heap after GC invocations=10 (full 0):
 garbage-first heap   total 524288K, used 50377K [0x0000000701800000, 0x0000000800000000)
  region size 2048K, 5 young (10240K), 5 survivors (10240K)
 Metaspace       used 35957K, committed 36160K, reserved 1114112K
  class space    used 4306K, committed 4416K, reserved 1048576K
}
Event: 31.612 GC heap before
{Heap before GC invocations=11 (full 0):
 garbage-first heap   total 524288K, used 120009K [0x0000000701800000, 0x0000000800000000)
  region size 2048K, 40 young (81920K), 5 survivors (10240K)
 Metaspace       used 47413K, committed 47680K, reserved 1114112K
  class space    used 6171K, committed 6336K, reserved 1048576K
}
Event: 31.620 GC heap after
{Heap after GC invocations=12 (full 0):
 garbage-first heap   total 524288K, used 60360K [0x0000000701800000, 0x0000000800000000)
  region size 2048K, 5 young (10240K), 5 survivors (10240K)
 Metaspace       used 47413K, committed 47680K, reserved 1114112K
  class space    used 6171K, committed 6336K, reserved 1048576K
}
Event: 34.305 GC heap before
{Heap before GC invocations=12 (full 0):
 garbage-first heap   total 524288K, used 132040K [0x0000000701800000, 0x0000000800000000)
  region size 2048K, 40 young (81920K), 5 survivors (10240K)
 Metaspace       used 53023K, committed 53376K, reserved 1114112K
  class space    used 7076K, committed 7232K, reserved 1048576K
}
Event: 34.311 GC heap after
{Heap after GC invocations=13 (full 0):
 garbage-first heap   total 524288K, used 68189K [0x0000000701800000, 0x0000000800000000)
  region size 2048K, 5 young (10240K), 5 survivors (10240K)
 Metaspace       used 53023K, committed 53376K, reserved 1114112K
  class space    used 7076K, committed 7232K, reserved 1048576K
}

