# JRE version: OpenJDK Runtime Environment Temurin-17.0.7+7 (17.0.7+7) (build 17.0.7+7)
# Java VM: OpenJDK 64-Bit Server VM Temurin-17.0.7+7 (17.0.7+7, mixed mode, sharing, tiered, compressed oops, compressed class ptrs, g1 gc, windows-amd64)
GC Precious Log:
 CPUs: 16 total, 16 available
 Memory: 15775M
 Large Page Support: Disabled
 NUMA Support: Disabled
 Compressed Oops: Enabled (Zero based)
 Heap Region Size: 2M
 Heap Min Capacity: 512M
 Heap Initial Capacity: 512M
 Heap Max Capacity: 4072M
 Pre-touch: Disabled
 Parallel Workers: 13
 Concurrent Workers: 3
 Concurrent Refinement Workers: 13
 Periodic GC: Disabled
 String Deduplication is enabled
Heap:
 garbage-first heap   total 524288K, used 156423K [0x0000000701800000, 0x0000000800000000)
  region size 2048K, 26 young (53248K), 3 survivors (6144K)
 Metaspace       used 92333K, committed 92992K, reserved 1179648K
  class space    used 12050K, committed 12416K, reserved 1048576K
GC Heap History (20 events):
Event: 9674.151 GC heap before
{Heap before GC invocations=978 (full 85):
 garbage-first heap   total 524288K, used 186076K [0x0000000701800000, 0x0000000800000000)
  region size 2048K, 40 young (81920K), 3 survivors (6144K)
 Metaspace       used 92283K, committed 92928K, reserved 1179648K
  class space    used 12041K, committed 12416K, reserved 1048576K
}
Event: 9674.154 GC heap after
{Heap after GC invocations=979 (full 85):
 garbage-first heap   total 524288K, used 110355K [0x0000000701800000, 0x0000000800000000)
  region size 2048K, 3 young (6144K), 3 survivors (6144K)
 Metaspace       used 92283K, committed 92928K, reserved 1179648K
  class space    used 12041K, committed 12416K, reserved 1048576K
}
Event: 9678.238 GC heap before
{Heap before GC invocations=979 (full 85):
 garbage-first heap   total 524288K, used 186131K [0x0000000701800000, 0x0000000800000000)
  region size 2048K, 40 young (81920K), 3 survivors (6144K)
 Metaspace       used 92287K, committed 92928K, reserved 1179648K
  class space    used 12041K, committed 12416K, reserved 1048576K
}
Event: 9678.239 GC heap after
{Heap after GC invocations=980 (full 85):
 garbage-first heap   total 524288K, used 110452K [0x0000000701800000, 0x0000000800000000)
  region size 2048K, 3 young (6144K), 3 survivors (6144K)
 Metaspace       used 92287K, committed 92928K, reserved 1179648K
  class space    used 12041K, committed 12416K, reserved 1048576K
}
Event: 9679.289 GC heap before
{Heap before GC invocations=980 (full 85):
 garbage-first heap   total 524288K, used 186228K [0x0000000701800000, 0x0000000800000000)
  region size 2048K, 40 young (81920K), 3 survivors (6144K)
 Metaspace       used 92287K, committed 92928K, reserved 1179648K
  class space    used 12041K, committed 12416K, reserved 1048576K
}
Event: 9679.290 GC heap after
{Heap after GC invocations=981 (full 85):
 garbage-first heap   total 524288K, used 110282K [0x0000000701800000, 0x0000000800000000)
  region size 2048K, 3 young (6144K), 3 survivors (6144K)
 Metaspace       used 92287K, committed 92928K, reserved 1179648K
  class space    used 12041K, committed 12416K, reserved 1048576K
}
Event: 9681.083 GC heap before
{Heap before GC invocations=981 (full 85):
 garbage-first heap   total 524288K, used 186058K [0x0000000701800000, 0x0000000800000000)
  region size 2048K, 40 young (81920K), 3 survivors (6144K)
 Metaspace       used 92287K, committed 92928K, reserved 1179648K
  class space    used 12041K, committed 12416K, reserved 1048576K
}
Event: 9681.084 GC heap after
{Heap after GC invocations=982 (full 85):
 garbage-first heap   total 524288K, used 110052K [0x0000000701800000, 0x0000000800000000)
  region size 2048K, 2 young (4096K), 2 survivors (4096K)
 Metaspace       used 92287K, committed 92928K, reserved 1179648K
  class space    used 12041K, committed 12416K, reserved 1048576K
}
Event: 9683.297 GC heap before
{Heap before GC invocations=982 (full 85):
 garbage-first heap   total 524288K, used 187876K [0x0000000701800000, 0x0000000800000000)
  region size 2048K, 40 young (81920K), 2 survivors (4096K)
 Metaspace       used 92287K, committed 92928K, reserved 1179648K
  class space    used 12041K, committed 12416K, reserved 1048576K
}
Event: 9683.298 GC heap after
{Heap after GC invocations=983 (full 85):
 garbage-first heap   total 524288K, used 110211K [0x0000000701800000, 0x0000000800000000)
  region size 2048K, 2 young (4096K), 2 survivors (4096K)
 Metaspace       used 92287K, committed 92928K, reserved 1179648K
  class space    used 12041K, committed 12416K, reserved 1048576K
}
Event: 9684.970 GC heap before
{Heap before GC invocations=983 (full 85):
 garbage-first heap   total 524288K, used 188035K [0x0000000701800000, 0x0000000800000000)
  region size 2048K, 40 young (81920K), 2 survivors (4096K)
 Metaspace       used 92287K, committed 92928K, reserved 1179648K
  class space    used 12041K, committed 12416K, reserved 1048576K
}
Event: 9684.972 GC heap after
{Heap after GC invocations=984 (full 85):
 garbage-first heap   total 524288K, used 110150K [0x0000000701800000, 0x0000000800000000)
  region size 2048K, 2 young (4096K), 2 survivors (4096K)
 Metaspace       used 92287K, committed 92928K, reserved 1179648K
  class space    used 12041K, committed 12416K, reserved 1048576K
}
Event: 9686.664 GC heap before
{Heap before GC invocations=984 (full 85):
 garbage-first heap   total 524288K, used 187974K [0x0000000701800000, 0x0000000800000000)
  region size 2048K, 40 young (81920K), 2 survivors (4096K)
 Metaspace       used 92287K, committed 92928K, reserved 1179648K
  class space    used 12041K, committed 12416K, reserved 1048576K
}
Event: 9686.665 GC heap after
{Heap after GC invocations=985 (full 85):
 garbage-first heap   total 524288K, used 110191K [0x0000000701800000, 0x0000000800000000)
  region size 2048K, 2 young (4096K), 2 survivors (4096K)
 Metaspace       used 92287K, committed 92928K, reserved 1179648K
  class space    used 12041K, committed 12416K, reserved 1048576K
}
Event: 9704.343 GC heap before
{Heap before GC invocations=985 (full 85):
 garbage-first heap   total 524288K, used 188015K [0x0000000701800000, 0x0000000800000000)
  region size 2048K, 40 young (81920K), 2 survivors (4096K)
 Metaspace       used 92333K, committed 92992K, reserved 1179648K
  class space    used 12050K, committed 12416K, reserved 1048576K
}
Event: 9704.346 GC heap after
{Heap after GC invocations=986 (full 85):
 garbage-first heap   total 524288K, used 111622K [0x0000000701800000, 0x0000000800000000)
  region size 2048K, 3 young (6144K), 3 survivors (6144K)
 Metaspace       used 92333K, committed 92992K, reserved 1179648K
  class space    used 12050K, committed 12416K, reserved 1048576K
}
Event: 9710.138 GC heap before
{Heap before GC invocations=986 (full 85):
 garbage-first heap   total 524288K, used 187398K [0x0000000701800000, 0x0000000800000000)
  region size 2048K, 40 young (81920K), 3 survivors (6144K)
 Metaspace       used 92333K, committed 92992K, reserved 1179648K
  class space    used 12050K, committed 12416K, reserved 1048576K
}
Event: 9710.140 GC heap after
{Heap after GC invocations=987 (full 85):
 garbage-first heap   total 524288K, used 111346K [0x0000000701800000, 0x0000000800000000)
  region size 2048K, 3 young (6144K), 3 survivors (6144K)
 Metaspace       used 92333K, committed 92992K, reserved 1179648K
  class space    used 12050K, committed 12416K, reserved 1048576K
}
Event: 9737.705 GC heap before
{Heap before GC invocations=987 (full 85):
 garbage-first heap   total 524288K, used 187122K [0x0000000701800000, 0x0000000800000000)
  region size 2048K, 40 young (81920K), 3 survivors (6144K)
 Metaspace       used 92333K, committed 92992K, reserved 1179648K
  class space    used 12050K, committed 12416K, reserved 1048576K
}
Event: 9737.707 GC heap after
{Heap after GC invocations=988 (full 85):
 garbage-first heap   total 524288K, used 111367K [0x0000000701800000, 0x0000000800000000)
  region size 2048K, 3 young (6144K), 3 survivors (6144K)
 Metaspace       used 92333K, committed 92992K, reserved 1179648K
  class space    used 12050K, committed 12416K, reserved 1048576K
}

