# JRE version: OpenJDK Runtime Environment Temurin-17.0.7+7 (17.0.7+7) (build 17.0.7+7)
# Java VM: OpenJDK 64-Bit Server VM Temurin-17.0.7+7 (17.0.7+7, mixed mode, sharing, tiered, compressed oops, compressed class ptrs, g1 gc, windows-amd64)
GC Precious Log:
 CPUs: 12 total, 12 available
 Memory: 32699M
 Large Page Support: Disabled
 NUMA Support: Disabled
 Compressed Oops: Enabled (Zero based)
 Heap Region Size: 2M
 Heap Min Capacity: 512M
 Heap Initial Capacity: 512M
 Heap Max Capacity: 4072M
 Pre-touch: Disabled
 Parallel Workers: 10
 Concurrent Workers: 3
 Concurrent Refinement Workers: 10
 Periodic GC: Disabled
 String Deduplication is enabled
Heap:
 garbage-first heap   total 524288K, used 190886K [0x0000000701800000, 0x0000000800000000)
  region size 2048K, 21 young (43008K), 1 survivors (2048K)
 Metaspace       used 95098K, committed 95488K, reserved 1179648K
  class space    used 12548K, committed 12736K, reserved 1048576K
GC Heap History (20 events):
Event: 58161.806 GC heap before
{Heap before GC invocations=2281 (full 1129):
 garbage-first heap   total 524288K, used 229734K [0x0000000701800000, 0x0000000800000000)
  region size 2048K, 40 young (81920K), 2 survivors (4096K)
 Metaspace       used 95097K, committed 95488K, reserved 1179648K
  class space    used 12548K, committed 12736K, reserved 1048576K
}
Event: 58161.807 GC heap after
{Heap after GC invocations=2282 (full 1129):
 garbage-first heap   total 524288K, used 152397K [0x0000000701800000, 0x0000000800000000)
  region size 2048K, 2 young (4096K), 2 survivors (4096K)
 Metaspace       used 95097K, committed 95488K, reserved 1179648K
  class space    used 12548K, committed 12736K, reserved 1048576K
}
Event: 58208.083 GC heap before
{Heap before GC invocations=2282 (full 1129):
 garbage-first heap   total 524288K, used 230221K [0x0000000701800000, 0x0000000800000000)
  region size 2048K, 40 young (81920K), 2 survivors (4096K)
 Metaspace       used 95097K, committed 95488K, reserved 1179648K
  class space    used 12548K, committed 12736K, reserved 1048576K
}
Event: 58208.086 GC heap after
{Heap after GC invocations=2283 (full 1129):
 garbage-first heap   total 524288K, used 151969K [0x0000000701800000, 0x0000000800000000)
  region size 2048K, 2 young (4096K), 2 survivors (4096K)
 Metaspace       used 95097K, committed 95488K, reserved 1179648K
  class space    used 12548K, committed 12736K, reserved 1048576K
}
Event: 58254.506 GC heap before
{Heap before GC invocations=2283 (full 1129):
 garbage-first heap   total 524288K, used 229793K [0x0000000701800000, 0x0000000800000000)
  region size 2048K, 40 young (81920K), 2 survivors (4096K)
 Metaspace       used 95097K, committed 95488K, reserved 1179648K
  class space    used 12548K, committed 12736K, reserved 1048576K
}
Event: 58254.509 GC heap after
{Heap after GC invocations=2284 (full 1129):
 garbage-first heap   total 524288K, used 151947K [0x0000000701800000, 0x0000000800000000)
  region size 2048K, 2 young (4096K), 2 survivors (4096K)
 Metaspace       used 95097K, committed 95488K, reserved 1179648K
  class space    used 12548K, committed 12736K, reserved 1048576K
}
Event: 58299.956 GC heap before
{Heap before GC invocations=2284 (full 1129):
 garbage-first heap   total 524288K, used 229771K [0x0000000701800000, 0x0000000800000000)
  region size 2048K, 40 young (81920K), 2 survivors (4096K)
 Metaspace       used 95097K, committed 95488K, reserved 1179648K
  class space    used 12548K, committed 12736K, reserved 1048576K
}
Event: 58299.959 GC heap after
{Heap after GC invocations=2285 (full 1129):
 garbage-first heap   total 524288K, used 151977K [0x0000000701800000, 0x0000000800000000)
  region size 2048K, 2 young (4096K), 2 survivors (4096K)
 Metaspace       used 95097K, committed 95488K, reserved 1179648K
  class space    used 12548K, committed 12736K, reserved 1048576K
}
Event: 58346.187 GC heap before
{Heap before GC invocations=2285 (full 1129):
 garbage-first heap   total 524288K, used 229801K [0x0000000701800000, 0x0000000800000000)
  region size 2048K, 40 young (81920K), 2 survivors (4096K)
 Metaspace       used 95097K, committed 95488K, reserved 1179648K
  class space    used 12548K, committed 12736K, reserved 1048576K
}
Event: 58346.188 GC heap after
{Heap after GC invocations=2286 (full 1129):
 garbage-first heap   total 524288K, used 151978K [0x0000000701800000, 0x0000000800000000)
  region size 2048K, 2 young (4096K), 2 survivors (4096K)
 Metaspace       used 95097K, committed 95488K, reserved 1179648K
  class space    used 12548K, committed 12736K, reserved 1048576K
}
Event: 58392.516 GC heap before
{Heap before GC invocations=2286 (full 1129):
 garbage-first heap   total 524288K, used 229802K [0x0000000701800000, 0x0000000800000000)
  region size 2048K, 40 young (81920K), 2 survivors (4096K)
 Metaspace       used 95097K, committed 95488K, reserved 1179648K
  class space    used 12548K, committed 12736K, reserved 1048576K
}
Event: 58392.518 GC heap after
{Heap after GC invocations=2287 (full 1129):
 garbage-first heap   total 524288K, used 151935K [0x0000000701800000, 0x0000000800000000)
  region size 2048K, 2 young (4096K), 2 survivors (4096K)
 Metaspace       used 95097K, committed 95488K, reserved 1179648K
  class space    used 12548K, committed 12736K, reserved 1048576K
}
Event: 58438.666 GC heap before
{Heap before GC invocations=2287 (full 1129):
 garbage-first heap   total 524288K, used 229759K [0x0000000701800000, 0x0000000800000000)
  region size 2048K, 40 young (81920K), 2 survivors (4096K)
 Metaspace       used 95097K, committed 95488K, reserved 1179648K
  class space    used 12548K, committed 12736K, reserved 1048576K
}
Event: 58438.669 GC heap after
{Heap after GC invocations=2288 (full 1129):
 garbage-first heap   total 524288K, used 151946K [0x0000000701800000, 0x0000000800000000)
  region size 2048K, 1 young (2048K), 1 survivors (2048K)
 Metaspace       used 95097K, committed 95488K, reserved 1179648K
  class space    used 12548K, committed 12736K, reserved 1048576K
}
Event: 58485.947 GC heap before
{Heap before GC invocations=2288 (full 1129):
 garbage-first heap   total 524288K, used 231818K [0x0000000701800000, 0x0000000800000000)
  region size 2048K, 40 young (81920K), 1 survivors (2048K)
 Metaspace       used 95097K, committed 95488K, reserved 1179648K
  class space    used 12548K, committed 12736K, reserved 1048576K
}
Event: 58485.949 GC heap after
{Heap after GC invocations=2289 (full 1129):
 garbage-first heap   total 524288K, used 152002K [0x0000000701800000, 0x0000000800000000)
  region size 2048K, 1 young (2048K), 1 survivors (2048K)
 Metaspace       used 95097K, committed 95488K, reserved 1179648K
  class space    used 12548K, committed 12736K, reserved 1048576K
}
Event: 58530.085 GC heap before
{Heap before GC invocations=2289 (full 1129):
 garbage-first heap   total 524288K, used 231874K [0x0000000701800000, 0x0000000800000000)
  region size 2048K, 40 young (81920K), 1 survivors (2048K)
 Metaspace       used 95097K, committed 95488K, reserved 1179648K
  class space    used 12548K, committed 12736K, reserved 1048576K
}
Event: 58530.087 GC heap after
{Heap after GC invocations=2290 (full 1129):
 garbage-first heap   total 524288K, used 152021K [0x0000000701800000, 0x0000000800000000)
  region size 2048K, 1 young (2048K), 1 survivors (2048K)
 Metaspace       used 95097K, committed 95488K, reserved 1179648K
  class space    used 12548K, committed 12736K, reserved 1048576K
}
Event: 58576.769 GC heap before
{Heap before GC invocations=2290 (full 1129):
 garbage-first heap   total 524288K, used 231893K [0x0000000701800000, 0x0000000800000000)
  region size 2048K, 40 young (81920K), 1 survivors (2048K)
 Metaspace       used 95098K, committed 95488K, reserved 1179648K
  class space    used 12548K, committed 12736K, reserved 1048576K
}
Event: 58576.771 GC heap after
{Heap after GC invocations=2291 (full 1129):
 garbage-first heap   total 524288K, used 151974K [0x0000000701800000, 0x0000000800000000)
  region size 2048K, 1 young (2048K), 1 survivors (2048K)
 Metaspace       used 95098K, committed 95488K, reserved 1179648K
  class space    used 12548K, committed 12736K, reserved 1048576K
}

